<?xml version="1.0" encoding="UTF-8"?>
<!-- Generated by org.testng.reporters.JUnitXMLReporter -->
<testsuite hostname="DESKTOP-852SFKL" name="Test - valid - user is able to view claim details - LTL - Without Insurance - Claim Type - Loss" tests="1" failures="0" timestamp="19 May 2022 13:50:40 GMT" time="86.886" errors="0">
  <testcase name="testViewClaimDetails" time="85.862" classname="com.qualitesoft.freightclub.testscripts.manageclaims.TestViewClaimDetails"/>
</testsuite> <!-- Test - valid - user is able to view claim details - LTL - Without Insurance - Claim Type - Loss -->
