<?xml version="1.0" encoding="UTF-8"?>
<!-- Generated by org.testng.reporters.JUnitXMLReporter -->
<testsuite hostname="DESKTOP-H4389BG" ignored="12" name="Test manage green list and select onAccount payment method" tests="5" failures="0" timestamp="05 Jul 2021 04:30:28 GMT" time="0.008" errors="0">
  <testcase name="@BeforeTest initialize" time="0.0" classname="com.qualitesoft.core.InitializeTest">
    <skipped/>
  </testcase> <!-- @BeforeTest initialize -->
  <testcase name="testNavigateTheWebsite" time="0.0" classname="com.qualitesoft.freightclub.testscripts.TestNavigateTheWebsite">
    <skipped/>
  </testcase> <!-- testNavigateTheWebsite -->
  <testcase name="testSignIn" time="0.0" classname="com.qualitesoft.freightclub.testscripts.TestSignIn">
    <skipped/>
  </testcase> <!-- testSignIn -->
  <testcase name="testManagegreenlist" time="0.0" classname="com.qualitesoft.freightclub.testscripts.TestManageGreenlist">
    <skipped/>
  </testcase> <!-- testManagegreenlist -->
  <testcase name="testManageProfiles" time="0.0" classname="com.qualitesoft.freightclub.testscripts.TestManageProfiles">
    <skipped/>
  </testcase> <!-- testManageProfiles -->
  <testcase name="testlogoff" time="0.0" classname="com.qualitesoft.freightclub.testscripts.TestLogOff">
    <skipped/>
  </testcase> <!-- testlogoff -->
  <testcase name="@BeforeTest initialize" time="0.0" classname="com.qualitesoft.core.InitializeTest">
    <ignored/>
  </testcase> <!-- @BeforeTest initialize -->
  <testcase name="@BeforeTest initialize" time="0.0" classname="com.qualitesoft.core.InitializeTest">
    <ignored/>
  </testcase> <!-- @BeforeTest initialize -->
  <testcase name="@BeforeTest initialize" time="0.0" classname="com.qualitesoft.core.InitializeTest">
    <ignored/>
  </testcase> <!-- @BeforeTest initialize -->
  <testcase name="@BeforeTest initialize" time="0.0" classname="com.qualitesoft.core.InitializeTest">
    <ignored/>
  </testcase> <!-- @BeforeTest initialize -->
  <testcase name="@BeforeSuite setUp" time="0.0" classname="com.qualitesoft.core.InitializeTest">
    <ignored/>
  </testcase> <!-- @BeforeSuite setUp -->
  <testcase name="@BeforeSuite setUp" time="0.0" classname="com.qualitesoft.core.InitializeTest">
    <ignored/>
  </testcase> <!-- @BeforeSuite setUp -->
  <testcase name="@BeforeSuite setUp" time="0.0" classname="com.qualitesoft.core.InitializeTest">
    <ignored/>
  </testcase> <!-- @BeforeSuite setUp -->
  <testcase name="@BeforeSuite setUp" time="0.0" classname="com.qualitesoft.core.InitializeTest">
    <ignored/>
  </testcase> <!-- @BeforeSuite setUp -->
  <testcase name="@AfterSuite tearDown" time="0.0" classname="com.qualitesoft.core.InitializeTest">
    <ignored/>
  </testcase> <!-- @AfterSuite tearDown -->
  <testcase name="@AfterSuite tearDown" time="0.0" classname="com.qualitesoft.core.InitializeTest">
    <ignored/>
  </testcase> <!-- @AfterSuite tearDown -->
  <testcase name="@AfterSuite tearDown" time="0.0" classname="com.qualitesoft.core.InitializeTest">
    <ignored/>
  </testcase> <!-- @AfterSuite tearDown -->
  <testcase name="@AfterSuite tearDown" time="0.0" classname="com.qualitesoft.core.InitializeTest">
    <ignored/>
  </testcase> <!-- @AfterSuite tearDown -->
</testsuite> <!-- Test manage green list and select onAccount payment method -->
