<?xml version="1.0" encoding="UTF-8"?>
<!-- Generated by org.testng.reporters.JUnitXMLReporter -->
<testsuite hostname="DESKTOP-H4389BG" ignored="15" name="Test FC Test Carrier visible When Loose Cartoon Accepted - Palletized with quantity = 1" tests="2" failures="0" timestamp="05 Jul 2021 04:30:28 GMT" time="0.0" errors="0">
  <testcase name="@BeforeTest initialize" time="0.0" classname="com.qualitesoft.core.InitializeTest">
    <skipped/>
  </testcase> <!-- @BeforeTest initialize -->
  <testcase name="selectPalletizedPackageType" time="0.0" classname="com.qualitesoft.freightclub.testscripts.TestEnterShipmentInformation">
    <skipped/>
  </testcase> <!-- selectPalletizedPackageType -->
  <testcase name="testFCTestCarriersVisible" time="0.0" classname="com.qualitesoft.freightclub.testscripts.TestSelectCarrier">
    <skipped/>
  </testcase> <!-- testFCTestCarriersVisible -->
  <testcase name="selectAddedProductPackageType" time="0.0" classname="com.qualitesoft.freightclub.testscripts.TestEnterShipmentInformation">
    <ignored/>
  </testcase> <!-- selectAddedProductPackageType -->
  <testcase name="@BeforeTest initialize" time="0.0" classname="com.qualitesoft.core.InitializeTest">
    <ignored/>
  </testcase> <!-- @BeforeTest initialize -->
  <testcase name="verifyCustomOrderPopupWithMultilePackageType" time="0.0" classname="com.qualitesoft.freightclub.testscripts.TestEnterShipmentInformation">
    <ignored/>
  </testcase> <!-- verifyCustomOrderPopupWithMultilePackageType -->
  <testcase name="testFCTestCarriersNotVisible" time="0.0" classname="com.qualitesoft.freightclub.testscripts.TestSelectCarrier">
    <ignored/>
  </testcase> <!-- testFCTestCarriersNotVisible -->
  <testcase name="testVerifySelectedCarriers" time="0.0" classname="com.qualitesoft.freightclub.testscripts.TestSelectCarrier">
    <ignored/>
  </testcase> <!-- testVerifySelectedCarriers -->
  <testcase name="@BeforeSuite setUp" time="0.0" classname="com.qualitesoft.core.InitializeTest">
    <ignored/>
  </testcase> <!-- @BeforeSuite setUp -->
  <testcase name="customOrderPopupNotPresent" time="0.0" classname="com.qualitesoft.freightclub.testscripts.TestEnterShipmentInformation">
    <ignored/>
  </testcase> <!-- customOrderPopupNotPresent -->
  <testcase name="verifyCustomOrderPopupWithWeight251" time="0.0" classname="com.qualitesoft.freightclub.testscripts.TestEnterShipmentInformation">
    <ignored/>
  </testcase> <!-- verifyCustomOrderPopupWithWeight251 -->
  <testcase name="validateCustomerOrderRequiredFields" time="0.0" classname="com.qualitesoft.freightclub.testscripts.TestEnterShipmentInformation">
    <ignored/>
  </testcase> <!-- validateCustomerOrderRequiredFields -->
  <testcase name="@AfterSuite tearDown" time="0.0" classname="com.qualitesoft.core.InitializeTest">
    <ignored/>
  </testcase> <!-- @AfterSuite tearDown -->
  <testcase name="submitCustomOrderQuoteLTL" time="0.0" classname="com.qualitesoft.freightclub.testscripts.TestEnterShipmentInformation">
    <ignored/>
  </testcase> <!-- submitCustomOrderQuoteLTL -->
  <testcase name="testEnterShipmentInformation" time="0.0" classname="com.qualitesoft.freightclub.testscripts.TestEnterShipmentInformation">
    <ignored/>
  </testcase> <!-- testEnterShipmentInformation -->
  <testcase name="testVerifyRatesPage" time="0.0" classname="com.qualitesoft.freightclub.testscripts.TestEnterShipmentInformation">
    <ignored/>
  </testcase> <!-- testVerifyRatesPage -->
  <testcase name="looseCartoonPopup" time="0.0" classname="com.qualitesoft.freightclub.testscripts.TestEnterShipmentInformation">
    <ignored/>
  </testcase> <!-- looseCartoonPopup -->
  <testcase name="customOrderPopupPresent" time="0.0" classname="com.qualitesoft.freightclub.testscripts.TestEnterShipmentInformation">
    <ignored/>
  </testcase> <!-- customOrderPopupPresent -->
</testsuite> <!-- Test FC Test Carrier visible When Loose Cartoon Accepted - Palletized with quantity = 1 -->
