<?xml version="1.0" encoding="UTF-8"?>
<!-- Generated by org.testng.reporters.JUnitXMLReporter -->
<testsuite hostname="DESKTOP-H4389BG" ignored="13" name="Test Quick Quote Custom Order - One-Time Delivery - QA-538 - CO01" tests="2" failures="0" timestamp="05 Jul 2021 04:30:29 GMT" time="0.0" errors="0">
  <testcase name="@BeforeTest initialize" time="0.0" classname="com.qualitesoft.core.InitializeTest">
    <skipped/>
  </testcase> <!-- @BeforeTest initialize -->
  <testcase name="testEnterShipmentInformation" time="0.0" classname="com.qualitesoft.freightclub.testscripts.TestEnterShipmentInformation">
    <skipped/>
  </testcase> <!-- testEnterShipmentInformation -->
  <testcase name="testlogoff" time="0.0" classname="com.qualitesoft.freightclub.testscripts.TestLogOff">
    <skipped/>
  </testcase> <!-- testlogoff -->
  <testcase name="selectAddedProductPackageType" time="0.0" classname="com.qualitesoft.freightclub.testscripts.TestEnterShipmentInformation">
    <ignored/>
  </testcase> <!-- selectAddedProductPackageType -->
  <testcase name="@BeforeTest initialize" time="0.0" classname="com.qualitesoft.core.InitializeTest">
    <ignored/>
  </testcase> <!-- @BeforeTest initialize -->
  <testcase name="verifyCustomOrderPopupWithMultilePackageType" time="0.0" classname="com.qualitesoft.freightclub.testscripts.TestEnterShipmentInformation">
    <ignored/>
  </testcase> <!-- verifyCustomOrderPopupWithMultilePackageType -->
  <testcase name="@BeforeSuite setUp" time="0.0" classname="com.qualitesoft.core.InitializeTest">
    <ignored/>
  </testcase> <!-- @BeforeSuite setUp -->
  <testcase name="customOrderPopupNotPresent" time="0.0" classname="com.qualitesoft.freightclub.testscripts.TestEnterShipmentInformation">
    <ignored/>
  </testcase> <!-- customOrderPopupNotPresent -->
  <testcase name="verifyCustomOrderPopupWithWeight251" time="0.0" classname="com.qualitesoft.freightclub.testscripts.TestEnterShipmentInformation">
    <ignored/>
  </testcase> <!-- verifyCustomOrderPopupWithWeight251 -->
  <testcase name="validateCustomerOrderRequiredFields" time="0.0" classname="com.qualitesoft.freightclub.testscripts.TestEnterShipmentInformation">
    <ignored/>
  </testcase> <!-- validateCustomerOrderRequiredFields -->
  <testcase name="@AfterSuite tearDown" time="0.0" classname="com.qualitesoft.core.InitializeTest">
    <ignored/>
  </testcase> <!-- @AfterSuite tearDown -->
  <testcase name="submitCustomOrderQuoteLTL" time="0.0" classname="com.qualitesoft.freightclub.testscripts.TestEnterShipmentInformation">
    <ignored/>
  </testcase> <!-- submitCustomOrderQuoteLTL -->
  <testcase name="selectPalletizedPackageType" time="0.0" classname="com.qualitesoft.freightclub.testscripts.TestEnterShipmentInformation">
    <ignored/>
  </testcase> <!-- selectPalletizedPackageType -->
  <testcase name="testVerifyRatesPage" time="0.0" classname="com.qualitesoft.freightclub.testscripts.TestEnterShipmentInformation">
    <ignored/>
  </testcase> <!-- testVerifyRatesPage -->
  <testcase name="looseCartoonPopup" time="0.0" classname="com.qualitesoft.freightclub.testscripts.TestEnterShipmentInformation">
    <ignored/>
  </testcase> <!-- looseCartoonPopup -->
  <testcase name="customOrderPopupPresent" time="0.0" classname="com.qualitesoft.freightclub.testscripts.TestEnterShipmentInformation">
    <ignored/>
  </testcase> <!-- customOrderPopupPresent -->
</testsuite> <!-- Test Quick Quote Custom Order - One-Time Delivery - QA-538 - CO01 -->
