<?xml version="1.0" encoding="UTF-8"?>
<!-- Generated by org.testng.reporters.JUnitXMLReporter -->
<testsuite hostname="DESKTOP-H4389BG" ignored="9" name="Test loose carton popup visible - Added Product with quantity = 11" tests="2" failures="0" timestamp="05 Jul 2021 04:30:28 GMT" time="0.0" errors="0">
  <testcase name="@BeforeTest initialize" time="0.0" classname="com.qualitesoft.core.InitializeTest">
    <skipped/>
  </testcase> <!-- @BeforeTest initialize -->
  <testcase name="selectAddedProductPackageType" time="0.0" classname="com.qualitesoft.freightclub.testscripts.TestEnterShipmentInformation">
    <skipped/>
  </testcase> <!-- selectAddedProductPackageType -->
  <testcase name="looseCartoonPopup" time="0.0" classname="com.qualitesoft.freightclub.testscripts.TestEnterShipmentInformation">
    <skipped/>
  </testcase> <!-- looseCartoonPopup -->
  <testcase name="verifyCustomOrderPopupWithMultilePackageType" time="0.0" classname="com.qualitesoft.freightclub.testscripts.TestEnterShipmentInformation">
    <ignored/>
  </testcase> <!-- verifyCustomOrderPopupWithMultilePackageType -->
  <testcase name="testVerifyRatesPage" time="0.0" classname="com.qualitesoft.freightclub.testscripts.TestEnterShipmentInformation">
    <ignored/>
  </testcase> <!-- testVerifyRatesPage -->
  <testcase name="customOrderPopupNotPresent" time="0.0" classname="com.qualitesoft.freightclub.testscripts.TestEnterShipmentInformation">
    <ignored/>
  </testcase> <!-- customOrderPopupNotPresent -->
  <testcase name="verifyCustomOrderPopupWithWeight251" time="0.0" classname="com.qualitesoft.freightclub.testscripts.TestEnterShipmentInformation">
    <ignored/>
  </testcase> <!-- verifyCustomOrderPopupWithWeight251 -->
  <testcase name="customOrderPopupPresent" time="0.0" classname="com.qualitesoft.freightclub.testscripts.TestEnterShipmentInformation">
    <ignored/>
  </testcase> <!-- customOrderPopupPresent -->
  <testcase name="validateCustomerOrderRequiredFields" time="0.0" classname="com.qualitesoft.freightclub.testscripts.TestEnterShipmentInformation">
    <ignored/>
  </testcase> <!-- validateCustomerOrderRequiredFields -->
  <testcase name="submitCustomOrderQuoteLTL" time="0.0" classname="com.qualitesoft.freightclub.testscripts.TestEnterShipmentInformation">
    <ignored/>
  </testcase> <!-- submitCustomOrderQuoteLTL -->
  <testcase name="selectPalletizedPackageType" time="0.0" classname="com.qualitesoft.freightclub.testscripts.TestEnterShipmentInformation">
    <ignored/>
  </testcase> <!-- selectPalletizedPackageType -->
  <testcase name="testEnterShipmentInformation" time="0.0" classname="com.qualitesoft.freightclub.testscripts.TestEnterShipmentInformation">
    <ignored/>
  </testcase> <!-- testEnterShipmentInformation -->
</testsuite> <!-- Test loose carton popup visible - Added Product with quantity = 11 -->
