<?xml version="1.0" encoding="UTF-8"?>
<!-- Generated by org.testng.reporters.JUnitXMLReporter -->
<testsuite hostname="DESKTOP-H4389BG" ignored="40" name="Test Basic Threshold Visible When Commercial to Residential - ABF Freight" tests="8" failures="0" timestamp="05 Jul 2021 04:30:28 GMT" time="0.016" errors="0">
  <testcase name="@BeforeTest initialize" time="0.0" classname="com.qualitesoft.core.InitializeTest">
    <skipped/>
  </testcase> <!-- @BeforeTest initialize -->
  <testcase name="testSignIn" time="0.0" classname="com.qualitesoft.freightclub.testscripts.TestSignIn">
    <skipped/>
  </testcase> <!-- testSignIn -->
  <testcase name="testEnterShipmentInformation" time="0.0" classname="com.qualitesoft.freightclub.testscripts.TestEnterShipmentInformation">
    <skipped/>
  </testcase> <!-- testEnterShipmentInformation -->
  <testcase name="testVerifySelectedCarriers" time="0.0" classname="com.qualitesoft.freightclub.testscripts.TestSelectCarrier">
    <skipped/>
  </testcase> <!-- testVerifySelectedCarriers -->
  <testcase name="testEnterCompleteInformationDetail" time="0.0" classname="com.qualitesoft.freightclub.testscripts.TestEnterCompleteInformationDetail">
    <skipped/>
  </testcase> <!-- testEnterCompleteInformationDetail -->
  <testcase name="testReviewAndBook" time="0.0" classname="com.qualitesoft.freightclub.testscripts.TestReviewAndBook">
    <skipped/>
  </testcase> <!-- testReviewAndBook -->
  <testcase name="testVerifyAppointmentFlagUnderBOLPdf" time="0.0" classname="com.qualitesoft.freightclub.testscripts.TestManageOrders">
    <skipped/>
  </testcase> <!-- testVerifyAppointmentFlagUnderBOLPdf -->
  <testcase name="testBasicThreshold" time="0.0" classname="com.qualitesoft.freightclub.testscripts.TestOrderDetails">
    <skipped/>
  </testcase> <!-- testBasicThreshold -->
  <testcase name="testlogoff" time="0.0" classname="com.qualitesoft.freightclub.testscripts.TestLogOff">
    <skipped/>
  </testcase> <!-- testlogoff -->
  <testcase name="verifyCustomOrderPopupWithMultilePackageType" time="0.0" classname="com.qualitesoft.freightclub.testscripts.TestEnterShipmentInformation">
    <ignored/>
  </testcase> <!-- verifyCustomOrderPopupWithMultilePackageType -->
  <testcase name="verifyCloneOrReQuoteFunctionFunctionality" time="0.0" classname="com.qualitesoft.freightclub.testscripts.TestManageOrders">
    <ignored/>
  </testcase> <!-- verifyCloneOrReQuoteFunctionFunctionality -->
  <testcase name="@BeforeSuite setUp" time="0.0" classname="com.qualitesoft.core.InitializeTest">
    <ignored/>
  </testcase> <!-- @BeforeSuite setUp -->
  <testcase name="@BeforeSuite setUp" time="0.0" classname="com.qualitesoft.core.InitializeTest">
    <ignored/>
  </testcase> <!-- @BeforeSuite setUp -->
  <testcase name="@BeforeSuite setUp" time="0.0" classname="com.qualitesoft.core.InitializeTest">
    <ignored/>
  </testcase> <!-- @BeforeSuite setUp -->
  <testcase name="@BeforeSuite setUp" time="0.0" classname="com.qualitesoft.core.InitializeTest">
    <ignored/>
  </testcase> <!-- @BeforeSuite setUp -->
  <testcase name="@BeforeSuite setUp" time="0.0" classname="com.qualitesoft.core.InitializeTest">
    <ignored/>
  </testcase> <!-- @BeforeSuite setUp -->
  <testcase name="@BeforeSuite setUp" time="0.0" classname="com.qualitesoft.core.InitializeTest">
    <ignored/>
  </testcase> <!-- @BeforeSuite setUp -->
  <testcase name="@BeforeSuite setUp" time="0.0" classname="com.qualitesoft.core.InitializeTest">
    <ignored/>
  </testcase> <!-- @BeforeSuite setUp -->
  <testcase name="testRequestCancellationAndCloneOrReQuoteButton" time="0.0" classname="com.qualitesoft.freightclub.testscripts.TestManageOrders">
    <ignored/>
  </testcase> <!-- testRequestCancellationAndCloneOrReQuoteButton -->
  <testcase name="verifyReQuoteFunctionFunctionality" time="0.0" classname="com.qualitesoft.freightclub.testscripts.TestManageOrders">
    <ignored/>
  </testcase> <!-- verifyReQuoteFunctionFunctionality -->
  <testcase name="submitCustomOrderQuoteLTL" time="0.0" classname="com.qualitesoft.freightclub.testscripts.TestEnterShipmentInformation">
    <ignored/>
  </testcase> <!-- submitCustomOrderQuoteLTL -->
  <testcase name="testFCTestCarriersVisible" time="0.0" classname="com.qualitesoft.freightclub.testscripts.TestSelectCarrier">
    <ignored/>
  </testcase> <!-- testFCTestCarriersVisible -->
  <testcase name="customOrderPopupPresent" time="0.0" classname="com.qualitesoft.freightclub.testscripts.TestEnterShipmentInformation">
    <ignored/>
  </testcase> <!-- customOrderPopupPresent -->
  <testcase name="verifyCloneButtonFunctionality" time="0.0" classname="com.qualitesoft.freightclub.testscripts.TestManageOrders">
    <ignored/>
  </testcase> <!-- verifyCloneButtonFunctionality -->
  <testcase name="selectAddedProductPackageType" time="0.0" classname="com.qualitesoft.freightclub.testscripts.TestEnterShipmentInformation">
    <ignored/>
  </testcase> <!-- selectAddedProductPackageType -->
  <testcase name="@BeforeTest initialize" time="0.0" classname="com.qualitesoft.core.InitializeTest">
    <ignored/>
  </testcase> <!-- @BeforeTest initialize -->
  <testcase name="@BeforeTest initialize" time="0.0" classname="com.qualitesoft.core.InitializeTest">
    <ignored/>
  </testcase> <!-- @BeforeTest initialize -->
  <testcase name="@BeforeTest initialize" time="0.0" classname="com.qualitesoft.core.InitializeTest">
    <ignored/>
  </testcase> <!-- @BeforeTest initialize -->
  <testcase name="@BeforeTest initialize" time="0.0" classname="com.qualitesoft.core.InitializeTest">
    <ignored/>
  </testcase> <!-- @BeforeTest initialize -->
  <testcase name="@BeforeTest initialize" time="0.0" classname="com.qualitesoft.core.InitializeTest">
    <ignored/>
  </testcase> <!-- @BeforeTest initialize -->
  <testcase name="@BeforeTest initialize" time="0.0" classname="com.qualitesoft.core.InitializeTest">
    <ignored/>
  </testcase> <!-- @BeforeTest initialize -->
  <testcase name="@BeforeTest initialize" time="0.0" classname="com.qualitesoft.core.InitializeTest">
    <ignored/>
  </testcase> <!-- @BeforeTest initialize -->
  <testcase name="testFCTestCarriersNotVisible" time="0.0" classname="com.qualitesoft.freightclub.testscripts.TestSelectCarrier">
    <ignored/>
  </testcase> <!-- testFCTestCarriersNotVisible -->
  <testcase name="testRequestCancellationAndCloneOrReQuoteButton1" time="0.0" classname="com.qualitesoft.freightclub.testscripts.TestManageOrders">
    <ignored/>
  </testcase> <!-- testRequestCancellationAndCloneOrReQuoteButton1 -->
  <testcase name="customOrderPopupNotPresent" time="0.0" classname="com.qualitesoft.freightclub.testscripts.TestEnterShipmentInformation">
    <ignored/>
  </testcase> <!-- customOrderPopupNotPresent -->
  <testcase name="verifyCustomOrderPopupWithWeight251" time="0.0" classname="com.qualitesoft.freightclub.testscripts.TestEnterShipmentInformation">
    <ignored/>
  </testcase> <!-- verifyCustomOrderPopupWithWeight251 -->
  <testcase name="validateCustomerOrderRequiredFields" time="0.0" classname="com.qualitesoft.freightclub.testscripts.TestEnterShipmentInformation">
    <ignored/>
  </testcase> <!-- validateCustomerOrderRequiredFields -->
  <testcase name="@AfterSuite tearDown" time="0.0" classname="com.qualitesoft.core.InitializeTest">
    <ignored/>
  </testcase> <!-- @AfterSuite tearDown -->
  <testcase name="@AfterSuite tearDown" time="0.0" classname="com.qualitesoft.core.InitializeTest">
    <ignored/>
  </testcase> <!-- @AfterSuite tearDown -->
  <testcase name="@AfterSuite tearDown" time="0.0" classname="com.qualitesoft.core.InitializeTest">
    <ignored/>
  </testcase> <!-- @AfterSuite tearDown -->
  <testcase name="@AfterSuite tearDown" time="0.0" classname="com.qualitesoft.core.InitializeTest">
    <ignored/>
  </testcase> <!-- @AfterSuite tearDown -->
  <testcase name="@AfterSuite tearDown" time="0.0" classname="com.qualitesoft.core.InitializeTest">
    <ignored/>
  </testcase> <!-- @AfterSuite tearDown -->
  <testcase name="@AfterSuite tearDown" time="0.0" classname="com.qualitesoft.core.InitializeTest">
    <ignored/>
  </testcase> <!-- @AfterSuite tearDown -->
  <testcase name="@AfterSuite tearDown" time="0.0" classname="com.qualitesoft.core.InitializeTest">
    <ignored/>
  </testcase> <!-- @AfterSuite tearDown -->
  <testcase name="selectPalletizedPackageType" time="0.0" classname="com.qualitesoft.freightclub.testscripts.TestEnterShipmentInformation">
    <ignored/>
  </testcase> <!-- selectPalletizedPackageType -->
  <testcase name="testReviewAndBookCustomOrder" time="0.0" classname="com.qualitesoft.freightclub.testscripts.TestReviewAndBook">
    <ignored/>
  </testcase> <!-- testReviewAndBookCustomOrder -->
  <testcase name="testVerifyRatesPage" time="0.0" classname="com.qualitesoft.freightclub.testscripts.TestEnterShipmentInformation">
    <ignored/>
  </testcase> <!-- testVerifyRatesPage -->
  <testcase name="looseCartoonPopup" time="0.0" classname="com.qualitesoft.freightclub.testscripts.TestEnterShipmentInformation">
    <ignored/>
  </testcase> <!-- looseCartoonPopup -->
  <testcase name="testReviewAndBook2" time="0.0" classname="com.qualitesoft.freightclub.testscripts.TestReviewAndBook">
    <ignored/>
  </testcase> <!-- testReviewAndBook2 -->
</testsuite> <!-- Test Basic Threshold Visible When Commercial to Residential - ABF Freight -->
