<?xml version="1.0" encoding="UTF-8"?>
<!-- Generated by org.testng.reporters.JUnitXMLReporter -->
<testsuite hostname="DESKTOP-H4389BG" ignored="1" name="Test Order Ready For Booking Mail" tests="1" failures="0" timestamp="05 Jul 2021 04:30:29 GMT" time="0.0" errors="0">
  <testcase name="@BeforeTest initialize" time="0.0" classname="com.qualitesoft.core.InitializeTest">
    <skipped/>
  </testcase> <!-- @BeforeTest initialize -->
  <testcase name="testVerifyReadyForBookingMail" time="0.0" classname="com.qualitesoft.freightclub.testscripts.EmailVerification">
    <skipped/>
  </testcase> <!-- testVerifyReadyForBookingMail -->
  <testcase name="testOrderBooking" time="0.0" classname="com.qualitesoft.freightclub.testscripts.EmailVerification">
    <ignored/>
  </testcase> <!-- testOrderBooking -->
</testsuite> <!-- Test Order Ready For Booking Mail -->
