<?xml version="1.0" encoding="UTF-8"?>
<!-- Generated by org.testng.reporters.JUnitXMLReporter -->
<testsuite hostname="DESKTOP-852SFKL" name="Custom Order not visible Weight less than 250 - LTL Non-Palletized" tests="3" failures="0" timestamp="23 May 2022 06:17:44 GMT" time="130.123" errors="0">
  <testcase name="testSignIn" time="16.645" classname="com.qualitesoft.freightclub.testscripts.TestSignIn"/>
  <testcase name="testEnterShipmentInformation" time="73.98" classname="com.qualitesoft.freightclub.testscripts.quickquote.TestEnterShipmentInformation"/>
  <testcase name="testCustomPopupNotPresent" time="38.484" classname="com.qualitesoft.freightclub.testscripts.customorders.TestCustomPopupNotPresent"/>
</testsuite> <!-- Custom Order not visible Weight less than 250 - LTL Non-Palletized -->
