<?xml version="1.0" encoding="UTF-8"?>
<!-- Generated by org.testng.reporters.JUnitXMLReporter -->
<testsuite hostname="DESKTOP-852SFKL" name="Custom Order visible Package Count greater than 4 - LTL Non-Palletized - 02" tests="1" failures="0" timestamp="23 May 2022 06:28:58 GMT" time="14.25" errors="0">
  <testcase name="testVerifyCustomOrderPopupWithMultilePackageType" time="13.236" classname="com.qualitesoft.freightclub.testscripts.customorders.TestVerifyCustomOrderPopupWithMultilePackageType"/>
</testsuite> <!-- Custom Order visible Package Count greater than 4 - LTL Non-Palletized - 02 -->
