<?xml version="1.0" encoding="UTF-8"?>
<!-- Generated by org.testng.reporters.JUnitXMLReporter -->
<testsuite hostname="DESKTOP-852SFKL" name="Custom Order visible Package Count greater than 4 - LTL  Added-Product - 02" tests="1" failures="0" timestamp="23 May 2022 06:35:39 GMT" time="10.851" errors="0">
  <testcase name="testVerifyCustomOrderPopupWithMultilePackageType" time="9.847" classname="com.qualitesoft.freightclub.testscripts.customorders.TestVerifyCustomOrderPopupWithMultilePackageType"/>
</testsuite> <!-- Custom Order visible Package Count greater than 4 - LTL  Added-Product - 02 -->
