<?xml version="1.0" encoding="UTF-8"?>
<!-- Generated by org.testng.reporters.JUnitXMLReporter -->
<testsuite hostname="DESKTOP-852SFKL" name="Custom Order visible Weight greater than 250 - LTL Non-Palletized - 02" tests="1" failures="0" timestamp="23 May 2022 06:28:44 GMT" time="10.155" errors="0">
  <testcase name="testVerifyCustomOrderPopupWithWeight251" time="9.142" classname="com.qualitesoft.freightclub.testscripts.customorders.TestVerifyCustomOrderPopupWithWeight251"/>
</testsuite> <!-- Custom Order visible Weight greater than 250 - LTL Non-Palletized - 02 -->
