<?xml version="1.0" encoding="UTF-8"?>
<!-- Generated by org.testng.reporters.JUnitXMLReporter -->
<testsuite hostname="DESKTOP-852SFKL" name="Custom Order not visible Weight less than 250 - LTL Added-Product - 02" tests="3" failures="0" timestamp="23 May 2022 06:33:43 GMT" time="138.988" errors="0">
  <testcase name="testUserIsAbleToCreateNonPalletizedSku" time="32.724" classname="com.qualitesoft.freightclub.testscripts.manageproducts.TestUserIsAbleToCreateNonPalletizedSku"/>
  <testcase name="testEnterShipmentInformation" time="69.251" classname="com.qualitesoft.freightclub.testscripts.quickquote.TestEnterShipmentInformation"/>
  <testcase name="testCustomPopupNotPresent" time="35.994" classname="com.qualitesoft.freightclub.testscripts.customorders.TestCustomPopupNotPresent"/>
</testsuite> <!-- Custom Order not visible Weight less than 250 - LTL Added-Product - 02 -->
