<?xml version="1.0" encoding="UTF-8"?>
<!-- Generated by org.testng.reporters.JUnitXMLReporter -->
<testsuite hostname="DESKTOP-852SFKL" name="Custom Order visible Weight greater than 250 - LTL  Added-Product - 02" tests="3" failures="0" timestamp="23 May 2022 06:35:29 GMT" time="105.361" errors="0">
  <testcase name="testUserIsAbleToCreateNonPalletizedSku" time="30.926" classname="com.qualitesoft.freightclub.testscripts.manageproducts.TestUserIsAbleToCreateNonPalletizedSku"/>
  <testcase name="testEnterShipmentInformation" time="68.426" classname="com.qualitesoft.freightclub.testscripts.quickquote.TestEnterShipmentInformation"/>
  <testcase name="testVerifyCustomOrderPopupWithWeight251" time="4.994" classname="com.qualitesoft.freightclub.testscripts.customorders.TestVerifyCustomOrderPopupWithWeight251"/>
</testsuite> <!-- Custom Order visible Weight greater than 250 - LTL  Added-Product - 02 -->
