<?xml version="1.0" encoding="UTF-8"?>
<!-- Generated by org.testng.reporters.JUnitXMLReporter -->
<testsuite hostname="DESKTOP-852SFKL" name="Test Verify Request Cancellation Button - LTL" tests="2" failures="0" timestamp="23 May 2022 06:45:30 GMT" time="26.358" errors="0">
  <testcase name="testRequestCancellationAndCloneOrReQuoteButton" time="7.952" classname="com.qualitesoft.freightclub.testscripts.customorders.TestRequestCancellationAndCloneOrReQuoteButton"/>
  <testcase name="testlogoff" time="17.384" classname="com.qualitesoft.freightclub.testscripts.TestLogOff"/>
</testsuite> <!-- Test Verify Request Cancellation Button - LTL -->
