<?xml version="1.0" encoding="UTF-8"?>
<!-- Generated by org.testng.reporters.JUnitXMLReporter -->
<testsuite hostname="DESKTOP-852SFKL" name="Test Verify Functionality of Clone Button - QA-538 - CO02" tests="2" failures="0" timestamp="23 May 2022 07:17:42 GMT" time="130.375" errors="0">
  <testcase name="testOpenManageOrdersAndSearchOrderId" time="43.523" classname="com.qualitesoft.freightclub.testscripts.manageorders.TestOpenManageOrdersAndSearchOrderId"/>
  <testcase name="testVerifyCloneButtonFunctionalityCustomOrder" time="85.834" classname="com.qualitesoft.freightclub.testscripts.customorders.TestVerifyCloneButtonFunctionalityCustomOrder"/>
</testsuite> <!-- Test Verify Functionality of Clone Button - QA-538 - CO02 -->
