<?xml version="1.0" encoding="UTF-8"?>
<!-- Generated by org.testng.reporters.JUnitXMLReporter -->
<testsuite hostname="DESKTOP-852SFKL" name="Test Verify Request Cancellation Button - One-Time Delivery - QA-538 - CO01" tests="2" failures="0" timestamp="23 May 2022 07:01:58 GMT" time="26.226" errors="0">
  <testcase name="testRequestCancellationAndCloneOrReQuoteButton" time="7.842" classname="com.qualitesoft.freightclub.testscripts.customorders.TestRequestCancellationAndCloneOrReQuoteButton"/>
  <testcase name="testlogoff" time="17.373" classname="com.qualitesoft.freightclub.testscripts.TestLogOff"/>
</testsuite> <!-- Test Verify Request Cancellation Button - One-Time Delivery - QA-538 - CO01 -->
