<?xml version="1.0" encoding="UTF-8"?>
<!-- Generated by org.testng.reporters.JUnitXMLReporter -->
<testsuite hostname="DESKTOP-852SFKL" name="Test Verify YRC and ESTES carrier will appear even if it is disabled - One-Time Delivery - QA-538 - CO01" tests="2" failures="0" timestamp="23 May 2022 07:01:31 GMT" time="171.409" errors="0">
  <testcase name="testSignIn" time="17.652" classname="com.qualitesoft.freightclub.testscripts.TestSignIn"/>
  <testcase name="testBookCustomOrder" time="152.736" classname="com.qualitesoft.freightclub.testscripts.customorders.TestBookCustomOrder"/>
</testsuite> <!-- Test Verify YRC and ESTES carrier will appear even if it is disabled - One-Time Delivery - QA-538 - CO01 -->
