<?xml version="1.0" encoding="UTF-8"?>
<!-- Generated by org.testng.reporters.JUnitXMLReporter -->
<testsuite hostname="DESKTOP-852SFKL" name="Test Quick Quote Custom Order - Weekly - QA-538 -  CO02" tests="3" failures="0" timestamp="23 May 2022 07:05:42 GMT" time="112.533" errors="0">
  <testcase name="testSignIn" time="17.979" classname="com.qualitesoft.freightclub.testscripts.TestSignIn"/>
  <testcase name="testSubmitCustomOrderAsUser" time="76.134" classname="com.qualitesoft.freightclub.testscripts.customorders.TestSubmitCustomOrderAsUser"/>
  <testcase name="testlogoff" time="17.402" classname="com.qualitesoft.freightclub.testscripts.TestLogOff"/>
</testsuite> <!-- Test Quick Quote Custom Order - Weekly - QA-538 -  CO02 -->
