<?xml version="1.0" encoding="UTF-8"?>
<!-- Generated by org.testng.reporters.JUnitXMLReporter -->
<testsuite hostname="DESKTOP-852SFKL" name="Test Submit Custom Order Quote as Admin" tests="3" failures="0" timestamp="23 May 2022 06:40:57 GMT" time="138.716" errors="0">
  <testcase name="testSignIn" time="17.413" classname="com.qualitesoft.freightclub.testscripts.TestSignIn"/>
  <testcase name="testSubmitCustomQuoteAsAdmin" time="102.899" classname="com.qualitesoft.freightclub.testscripts.customorders.TestSubmitCustomQuoteAsAdmin"/>
  <testcase name="testlogoff" time="17.396" classname="com.qualitesoft.freightclub.testscripts.TestLogOff"/>
</testsuite> <!-- Test Submit Custom Order Quote as Admin -->
