<?xml version="1.0" encoding="UTF-8"?>
<testsuite name="Test new user able to quote and sign up"
           tests="2"
           failures="0"
           errors="0"
           skipped="2"
           time="0.000">
  <properties />
  
            <testcase name="initialize" time="0.0" classname="com.qualitesoft.freightclub.testscripts.TestLaunchQuickQuote">
          <skipped />
    </testcase>
            <testcase name="testLaunchQuickQuote" time="0.0" classname="com.qualitesoft.freightclub.testscripts.TestLaunchQuickQuote">
          <skipped />
    </testcase>
  
  
</testsuite>
