<?xml version="1.0" encoding="UTF-8"?>
<testsuite name="Test manage green list and select onAccount payment method"
           tests="2"
           failures="0"
           errors="0"
           skipped="2"
           time="0.000">
  <properties />
  
            <testcase name="initialize" time="0.0" classname="com.qualitesoft.freightclub.testscripts.TestNavigateTheWebsite">
          <skipped />
    </testcase>
            <testcase name="testNavigateTheWebsite" time="0.0" classname="com.qualitesoft.freightclub.testscripts.TestNavigateTheWebsite">
          <skipped />
    </testcase>
  
  
</testsuite>
