<?xml version="1.0" encoding="UTF-8"?>
<testng-results skipped="0" failed="0" ignored="0" total="3" passed="3">
  <reporter-output>
    <line>
      <![CDATA[chrome browser launched successfully.]]>
    </line>
    <line>
      <![CDATA[http://qa.homesquare.com/URL launched successfully.]]>
    </line>
    <line>
      <![CDATA[*****************************Test Create New Account started.]]>
    </line>
    <line>
      <![CDATA[Element by By.xpath: (//div[contains(@id,'pop-section')]//a)[1] found.]]>
    </line>
    <line>
      <![CDATA[WebElement clicked.]]>
    </line>
    <line>
      <![CDATA[Element by By.xpath: //*[@id="my-account-btn"] found.]]>
    </line>
    <line>
      <![CDATA[WebElement clicked.]]>
    </line>
    <line>
      <![CDATA[Element by By.xpath: //a[@class='btn btn-secondary negative width-100-pct'] found.]]>
    </line>
    <line>
      <![CDATA[WebElement clicked.]]>
    </line>
    <line>
      <![CDATA[Element by By.xpath: .//*[@placeholder='First Name'] found.]]>
    </line>
    <line>
      <![CDATA[Screenshot CreateAccountPage successfully taken.]]>
    </line>
    <line>
      <![CDATA[Text send.]]>
    </line>
    <line>
      <![CDATA[Element by By.xpath: .//*[@placeholder='Last Name'] found.]]>
    </line>
    <line>
      <![CDATA[Text send.]]>
    </line>
    <line>
      <![CDATA[Element by By.xpath: .//*[@id='signup-modal-email'] found.]]>
    </line>
    <line>
      <![CDATA[Text send.]]>
    </line>
    <line>
      <![CDATA[Element by By.xpath: .//*[@id='signup-modal-password'] found.]]>
    </line>
    <line>
      <![CDATA[Text send.]]>
    </line>
    <line>
      <![CDATA[Element by By.xpath: .//*[@id='signup-modal-pwconfirm'] found.]]>
    </line>
    <line>
      <![CDATA[Text send.]]>
    </line>
    <line>
      <![CDATA[Screenshot CreateAccountPageFilled successfully taken.]]>
    </line>
    <line>
      <![CDATA[Element by By.xpath: //*[@id="btn-create-account-submit"] found.]]>
    </line>
    <line>
      <![CDATA[WebElement clicked.]]>
    </line>
    <line>
      <![CDATA[*****************************Test Add Items to Cart started.]]>
    </line>
    <line>
      <![CDATA[Element by By.xpath: .//*[@href='/kitchen-dining--PC588.htm'] found.]]>
    </line>
    <line>
      <![CDATA[Element by By.xpath: .//*[@href='/dining-chairs--C635.htm'] found.]]>
    </line>
    <line>
      <![CDATA[WebElement clicked.]]>
    </line>
    <line>
      <![CDATA[Element (By.xpath: (//div[contains(@id,'pop-section')]//a)[1]) not found.]]>
    </line>
    <line>
      <![CDATA[Element by By.xpath: (//img[@class='product-item-img'])[1] found.]]>
    </line>
    <line>
      <![CDATA[Screenshot Product list Page successfully taken.]]>
    </line>
    <line>
      <![CDATA[WebElement clicked.]]>
    </line>
    <line>
      <![CDATA[Element by By.xpath: //h3[@itemprop='price'] found.]]>
    </line>
    <line>
      <![CDATA[**************************************************Product Price : 138.99]]>
    </line>
    <line>
      <![CDATA[Element by By.xpath: //select[@class='form-control qty cb-qty'] found.]]>
    </line>
    <line>
      <![CDATA[Screenshot Product page1 successfully taken.]]>
    </line>
    <line>
      <![CDATA[Value from the dropdown selected: Quantity: 2]]>
    </line>
    <line>
      <![CDATA[Element by By.xpath: .//*[@data-eventmessage='Add To Cart'] found.]]>
    </line>
    <line>
      <![CDATA[WebElement clicked.]]>
    </line>
    <line>
      <![CDATA[Screenshot CartPage successfully taken.]]>
    </line>
    <line>
      <![CDATA[Element by By.xpath: //div[contains(text(),'Product Total')]/following-sibling::div[1] found.]]>
    </line>
    <line>
      <![CDATA[Element by By.xpath: //div[text()='Shipping']/following-sibling::div[1] found.]]>
    </line>
    <line>
      <![CDATA[Element by By.xpath: //div[text()='Tax: ']/following-sibling::div[1] found.]]>
    </line>
    <line>
      <![CDATA[*****************************EnhancedCart Product started.]]>
    </line>
    <line>
      <![CDATA[Element by By.xpath: .//*[@class='btn-continue-shopping'] found.]]>
    </line>
    <line>
      <![CDATA[WebElement clicked.]]>
    </line>
    <line>
      <![CDATA[Screenshot Product page successfully taken.]]>
    </line>
    <line>
      <![CDATA[Current URL: https://qa.homesquare.com/Baxton-Studio-Longford-Dark-Walnut-Wood-and-Black-Metal-Vintage-Industrial-Dining-Arm-Chair-CDC271-DA2-BBXX.htm]]>
    </line>
    <line>
      <![CDATA[https://qa.homesquare.com/Baxton-Studio-Longford-Dark-Walnut-Wood-and-Black-Metal-Vintage-Industrial-Dining-Arm-Chair-CDC271-DA2-BBXX.htm?src=PLA]]>
    </line>
    <line>
      <![CDATA[URL opened: https://qa.homesquare.com/Baxton-Studio-Longford-Dark-Walnut-Wood-and-Black-Metal-Vintage-Industrial-Dining-Arm-Chair-CDC271-DA2-BBXX.htm?src=PLA]]>
    </line>
    <line>
      <![CDATA[Screenshot PLA-Productpage successfully taken.]]>
    </line>
    <line>
      <![CDATA[Element by By.xpath: //a[@class='btn btn-add-to-cart'] found.]]>
    </line>
    <line>
      <![CDATA[WebElement clicked.]]>
    </line>
    <line>
      <![CDATA[Element by By.xpath: .//*[@data-eventmessage='Add To Cart'] found.]]>
    </line>
    <line>
      <![CDATA[WebElement clicked.]]>
    </line>
    <line>
      <![CDATA[Screenshot AddToCartPage successfully taken.]]>
    </line>
    <line>
      <![CDATA[Element by By.xpath: (.//*[@class='cart-remove-link cymax-click-event' or @data-eventmessage='Delete Cartrow'])[1] found.]]>
    </line>
    <line>
      <![CDATA[WebElement clicked.]]>
    </line>
    <line>
      <![CDATA[Screenshot ProductRemoved successfully taken.]]>
    </line>
    <line>
      <![CDATA[Element by By.xpath: (.//*[@class='cart-quantity']) found.]]>
    </line>
    <line>
      <![CDATA[Text send.]]>
    </line>
    <line>
      <![CDATA[Element by By.xpath: (.//*[@class='cart-update-link cymax-click-event' or @data-eventmessage='Update Cartrow']) found.]]>
    </line>
    <line>
      <![CDATA[WebElement clicked.]]>
    </line>
    <line>
      <![CDATA[Screenshot QuantityUpdated successfully taken.]]>
    </line>
    <line>
      <![CDATA[Element by By.xpath: (//a[@class='proceed-to-checkout-btn next-page cymax-click-event cymax-click-event']) found.]]>
    </line>
    <line>
      <![CDATA[WebElement clicked.]]>
    </line>
    <line>
      <![CDATA[******************Test Ended************************]]>
    </line>
  </reporter-output>
  <suite name="Homesquare Suite" duration-ms="297383" started-at="2021-07-13T10:03:09Z" finished-at="2021-07-13T10:08:06Z">
    <groups>
    </groups>
    <test name="Test Create New Account" duration-ms="62453" started-at="2021-07-13T10:03:09Z" finished-at="2021-07-13T10:04:11Z">
      <class name="com.qualitesoft.homesquare.testscripts.TestHomeSquareCreateNewAccount">
        <test-method status="PASS" signature="initialize(org.testng.ITestContext)[pri:0, instance:com.qualitesoft.homesquare.testscripts.TestHomeSquareCreateNewAccount@5bb21b69]" name="initialize" is-config="true" duration-ms="1166" started-at="2021-07-13T10:03:09Z" finished-at="2021-07-13T10:03:10Z">
          <params>
            <param index="0">
              <value>
                <![CDATA[org.testng.TestRunner@4e423aa2]]>
              </value>
            </param>
          </params>
          <reporter-output>
            <line>
              <![CDATA[*****************************Test Create New Account started.]]>
            </line>
          </reporter-output>
        </test-method> <!-- initialize -->
        <test-method status="PASS" signature="testshippinginfo()[pri:0, instance:com.qualitesoft.homesquare.testscripts.TestHomeSquareCreateNewAccount@5bb21b69]" name="testshippinginfo" duration-ms="61185" started-at="2021-07-13T10:03:10Z" finished-at="2021-07-13T10:04:11Z">
          <reporter-output>
            <line>
              <![CDATA[Element by By.xpath: (//div[contains(@id,'pop-section')]//a)[1] found.]]>
            </line>
            <line>
              <![CDATA[WebElement clicked.]]>
            </line>
            <line>
              <![CDATA[Element by By.xpath: //*[@id="my-account-btn"] found.]]>
            </line>
            <line>
              <![CDATA[WebElement clicked.]]>
            </line>
            <line>
              <![CDATA[Element by By.xpath: //a[@class='btn btn-secondary negative width-100-pct'] found.]]>
            </line>
            <line>
              <![CDATA[WebElement clicked.]]>
            </line>
            <line>
              <![CDATA[Element by By.xpath: .//*[@placeholder='First Name'] found.]]>
            </line>
            <line>
              <![CDATA[Screenshot CreateAccountPage successfully taken.]]>
            </line>
            <line>
              <![CDATA[Text send.]]>
            </line>
            <line>
              <![CDATA[Element by By.xpath: .//*[@placeholder='Last Name'] found.]]>
            </line>
            <line>
              <![CDATA[Text send.]]>
            </line>
            <line>
              <![CDATA[Element by By.xpath: .//*[@id='signup-modal-email'] found.]]>
            </line>
            <line>
              <![CDATA[Text send.]]>
            </line>
            <line>
              <![CDATA[Element by By.xpath: .//*[@id='signup-modal-password'] found.]]>
            </line>
            <line>
              <![CDATA[Text send.]]>
            </line>
            <line>
              <![CDATA[Element by By.xpath: .//*[@id='signup-modal-pwconfirm'] found.]]>
            </line>
            <line>
              <![CDATA[Text send.]]>
            </line>
            <line>
              <![CDATA[Screenshot CreateAccountPageFilled successfully taken.]]>
            </line>
            <line>
              <![CDATA[Element by By.xpath: //*[@id="btn-create-account-submit"] found.]]>
            </line>
            <line>
              <![CDATA[WebElement clicked.]]>
            </line>
          </reporter-output>
        </test-method> <!-- testshippinginfo -->
      </class> <!-- com.qualitesoft.homesquare.testscripts.TestHomeSquareCreateNewAccount -->
    </test> <!-- Test Create New Account -->
    <test name="Test Add Items to Cart" duration-ms="136576" started-at="2021-07-13T10:04:11Z" finished-at="2021-07-13T10:06:28Z">
      <class name="com.qualitesoft.homesquare.testscripts.TestHomeSquareAddItemsToCart">
        <test-method status="PASS" signature="initialize(org.testng.ITestContext)[pri:0, instance:com.qualitesoft.homesquare.testscripts.TestHomeSquareAddItemsToCart@3aeaafa6]" name="initialize" is-config="true" duration-ms="1013" started-at="2021-07-13T10:04:11Z" finished-at="2021-07-13T10:04:12Z">
          <params>
            <param index="0">
              <value>
                <![CDATA[org.testng.TestRunner@7fbdb894]]>
              </value>
            </param>
          </params>
          <reporter-output>
            <line>
              <![CDATA[*****************************Test Add Items to Cart started.]]>
            </line>
          </reporter-output>
        </test-method> <!-- initialize -->
        <test-method status="PASS" signature="testAddItemsToCart()[pri:0, instance:com.qualitesoft.homesquare.testscripts.TestHomeSquareAddItemsToCart@3aeaafa6]" name="testAddItemsToCart" duration-ms="135521" started-at="2021-07-13T10:04:13Z" finished-at="2021-07-13T10:06:28Z">
          <reporter-output>
            <line>
              <![CDATA[Element by By.xpath: .//*[@href='/kitchen-dining--PC588.htm'] found.]]>
            </line>
            <line>
              <![CDATA[Element by By.xpath: .//*[@href='/dining-chairs--C635.htm'] found.]]>
            </line>
            <line>
              <![CDATA[WebElement clicked.]]>
            </line>
            <line>
              <![CDATA[Element (By.xpath: (//div[contains(@id,'pop-section')]//a)[1]) not found.]]>
            </line>
            <line>
              <![CDATA[Element by By.xpath: (//img[@class='product-item-img'])[1] found.]]>
            </line>
            <line>
              <![CDATA[Screenshot Product list Page successfully taken.]]>
            </line>
            <line>
              <![CDATA[WebElement clicked.]]>
            </line>
            <line>
              <![CDATA[Element by By.xpath: //h3[@itemprop='price'] found.]]>
            </line>
            <line>
              <![CDATA[**************************************************Product Price : 138.99]]>
            </line>
            <line>
              <![CDATA[Element by By.xpath: //select[@class='form-control qty cb-qty'] found.]]>
            </line>
            <line>
              <![CDATA[Screenshot Product page1 successfully taken.]]>
            </line>
            <line>
              <![CDATA[Value from the dropdown selected: Quantity: 2]]>
            </line>
            <line>
              <![CDATA[Element by By.xpath: .//*[@data-eventmessage='Add To Cart'] found.]]>
            </line>
            <line>
              <![CDATA[WebElement clicked.]]>
            </line>
            <line>
              <![CDATA[Screenshot CartPage successfully taken.]]>
            </line>
            <line>
              <![CDATA[Element by By.xpath: //div[contains(text(),'Product Total')]/following-sibling::div[1] found.]]>
            </line>
            <line>
              <![CDATA[Element by By.xpath: //div[text()='Shipping']/following-sibling::div[1] found.]]>
            </line>
            <line>
              <![CDATA[Element by By.xpath: //div[text()='Tax: ']/following-sibling::div[1] found.]]>
            </line>
          </reporter-output>
        </test-method> <!-- testAddItemsToCart -->
      </class> <!-- com.qualitesoft.homesquare.testscripts.TestHomeSquareAddItemsToCart -->
    </test> <!-- Test Add Items to Cart -->
    <test name="EnhancedCart Product" duration-ms="97993" started-at="2021-07-13T10:06:28Z" finished-at="2021-07-13T10:08:06Z">
      <class name="com.qualitesoft.homesquare.testscripts.TestHomeSquareEnhancedCartPLA">
        <test-method status="PASS" signature="setUp(java.lang.String, java.lang.String)[pri:0, instance:com.qualitesoft.homesquare.testscripts.TestHomeSquareEnhancedCartPLA@612fc6eb]" name="setUp" is-config="true" duration-ms="34927" started-at="2021-07-13T10:02:34Z" finished-at="2021-07-13T10:03:09Z">
          <params>
            <param index="0">
              <value>
                <![CDATA[chrome]]>
              </value>
            </param>
            <param index="1">
              <value>
                <![CDATA[http://qa.homesquare.com/]]>
              </value>
            </param>
          </params>
          <reporter-output>
            <line>
              <![CDATA[chrome browser launched successfully.]]>
            </line>
            <line>
              <![CDATA[http://qa.homesquare.com/URL launched successfully.]]>
            </line>
          </reporter-output>
        </test-method> <!-- setUp -->
        <test-method status="PASS" signature="initialize(org.testng.ITestContext)[pri:0, instance:com.qualitesoft.homesquare.testscripts.TestHomeSquareEnhancedCartPLA@612fc6eb]" name="initialize" is-config="true" duration-ms="1019" started-at="2021-07-13T10:06:28Z" finished-at="2021-07-13T10:06:29Z">
          <params>
            <param index="0">
              <value>
                <![CDATA[org.testng.TestRunner@3081f72c]]>
              </value>
            </param>
          </params>
          <reporter-output>
            <line>
              <![CDATA[*****************************EnhancedCart Product started.]]>
            </line>
          </reporter-output>
        </test-method> <!-- initialize -->
        <test-method status="PASS" signature="testEnhancedCartPLA()[pri:0, instance:com.qualitesoft.homesquare.testscripts.TestHomeSquareEnhancedCartPLA@612fc6eb]" name="testEnhancedCartPLA" duration-ms="96959" started-at="2021-07-13T10:06:29Z" finished-at="2021-07-13T10:08:06Z">
          <reporter-output>
            <line>
              <![CDATA[Element by By.xpath: .//*[@class='btn-continue-shopping'] found.]]>
            </line>
            <line>
              <![CDATA[WebElement clicked.]]>
            </line>
            <line>
              <![CDATA[Screenshot Product page successfully taken.]]>
            </line>
            <line>
              <![CDATA[Current URL: https://qa.homesquare.com/Baxton-Studio-Longford-Dark-Walnut-Wood-and-Black-Metal-Vintage-Industrial-Dining-Arm-Chair-CDC271-DA2-BBXX.htm]]>
            </line>
            <line>
              <![CDATA[https://qa.homesquare.com/Baxton-Studio-Longford-Dark-Walnut-Wood-and-Black-Metal-Vintage-Industrial-Dining-Arm-Chair-CDC271-DA2-BBXX.htm?src=PLA]]>
            </line>
            <line>
              <![CDATA[URL opened: https://qa.homesquare.com/Baxton-Studio-Longford-Dark-Walnut-Wood-and-Black-Metal-Vintage-Industrial-Dining-Arm-Chair-CDC271-DA2-BBXX.htm?src=PLA]]>
            </line>
            <line>
              <![CDATA[Screenshot PLA-Productpage successfully taken.]]>
            </line>
            <line>
              <![CDATA[Element by By.xpath: //a[@class='btn btn-add-to-cart'] found.]]>
            </line>
            <line>
              <![CDATA[WebElement clicked.]]>
            </line>
            <line>
              <![CDATA[Element by By.xpath: .//*[@data-eventmessage='Add To Cart'] found.]]>
            </line>
            <line>
              <![CDATA[WebElement clicked.]]>
            </line>
            <line>
              <![CDATA[Screenshot AddToCartPage successfully taken.]]>
            </line>
            <line>
              <![CDATA[Element by By.xpath: (.//*[@class='cart-remove-link cymax-click-event' or @data-eventmessage='Delete Cartrow'])[1] found.]]>
            </line>
            <line>
              <![CDATA[WebElement clicked.]]>
            </line>
            <line>
              <![CDATA[Screenshot ProductRemoved successfully taken.]]>
            </line>
            <line>
              <![CDATA[Element by By.xpath: (.//*[@class='cart-quantity']) found.]]>
            </line>
            <line>
              <![CDATA[Text send.]]>
            </line>
            <line>
              <![CDATA[Element by By.xpath: (.//*[@class='cart-update-link cymax-click-event' or @data-eventmessage='Update Cartrow']) found.]]>
            </line>
            <line>
              <![CDATA[WebElement clicked.]]>
            </line>
            <line>
              <![CDATA[Screenshot QuantityUpdated successfully taken.]]>
            </line>
            <line>
              <![CDATA[Element by By.xpath: (//a[@class='proceed-to-checkout-btn next-page cymax-click-event cymax-click-event']) found.]]>
            </line>
            <line>
              <![CDATA[WebElement clicked.]]>
            </line>
          </reporter-output>
        </test-method> <!-- testEnhancedCartPLA -->
        <test-method status="PASS" signature="tearDown()[pri:0, instance:com.qualitesoft.homesquare.testscripts.TestHomeSquareEnhancedCartPLA@612fc6eb]" name="tearDown" is-config="true" duration-ms="3250" started-at="2021-07-13T10:08:06Z" finished-at="2021-07-13T10:08:09Z">
          <reporter-output>
            <line>
              <![CDATA[******************Test Ended************************]]>
            </line>
          </reporter-output>
        </test-method> <!-- tearDown -->
      </class> <!-- com.qualitesoft.homesquare.testscripts.TestHomeSquareEnhancedCartPLA -->
    </test> <!-- EnhancedCart Product -->
  </suite> <!-- Homesquare Suite -->
</testng-results>
