<?xml version="1.0" encoding="UTF-8"?>
<!-- Generated by org.testng.reporters.JUnitXMLReporter -->
<testsuite hostname="DESKTOP-H4389BG" ignored="25" name="Checkout via Purchase Order - New User" tests="8" failures="0" timestamp="13 Jul 2021 08:29:46 GMT" time="357.782" errors="0">
  <testcase name="testshippinginfo" time="15.568" classname="com.qualitesoft.homesquare.testscripts.TestHomeSquareCreateNewAccount"/>
  <testcase name="testAddItemsToCart" time="189.393" classname="com.qualitesoft.homesquare.testscripts.TestHomeSquareAddItemsToCart"/>
  <testcase name="testSignIn" time="5.187" classname="com.qualitesoft.homesquare.testscripts.SignIn"/>
  <testcase name="testShippingInformation" time="38.172" classname="com.qualitesoft.homesquare.testscripts.ShippingInformation"/>
  <testcase name="testPurchaseOrder" time="45.377" classname="com.qualitesoft.homesquare.testscripts.PaymentInformation"/>
  <testcase name="testOrderConfirmation" time="52.944" classname="com.qualitesoft.homesquare.testscripts.OrderConfirmation"/>
  <testcase name="testEmailVerification" time="0.001" classname="com.qualitesoft.homesquare.testscripts.EmailVerification"/>
  <testcase name="testLogOff" time="10.027" classname="com.qualitesoft.homesquare.testscripts.LogOff"/>
  <testcase name="testLogIn" time="0.0" classname="com.qualitesoft.homesquare.testscripts.SignIn">
    <ignored/>
  </testcase> <!-- testLogIn -->
  <testcase name="@BeforeSuite setUp" time="0.0" classname="com.qualitesoft.core.InitializeTest">
    <ignored/>
  </testcase> <!-- @BeforeSuite setUp -->
  <testcase name="@BeforeSuite setUp" time="0.0" classname="com.qualitesoft.core.InitializeTest">
    <ignored/>
  </testcase> <!-- @BeforeSuite setUp -->
  <testcase name="@BeforeSuite setUp" time="0.0" classname="com.qualitesoft.core.InitializeTest">
    <ignored/>
  </testcase> <!-- @BeforeSuite setUp -->
  <testcase name="@BeforeSuite setUp" time="0.0" classname="com.qualitesoft.core.InitializeTest">
    <ignored/>
  </testcase> <!-- @BeforeSuite setUp -->
  <testcase name="@BeforeSuite setUp" time="0.0" classname="com.qualitesoft.core.InitializeTest">
    <ignored/>
  </testcase> <!-- @BeforeSuite setUp -->
  <testcase name="@BeforeSuite setUp" time="0.0" classname="com.qualitesoft.core.InitializeTest">
    <ignored/>
  </testcase> <!-- @BeforeSuite setUp -->
  <testcase name="@BeforeSuite setUp" time="0.0" classname="com.qualitesoft.core.InitializeTest">
    <ignored/>
  </testcase> <!-- @BeforeSuite setUp -->
  <testcase name="testPaymentInformation" time="0.0" classname="com.qualitesoft.homesquare.testscripts.PaymentInformation">
    <ignored/>
  </testcase> <!-- testPaymentInformation -->
  <testcase name="testHomeSquareSignIn" time="0.0" classname="com.qualitesoft.homesquare.testscripts.SignIn">
    <ignored/>
  </testcase> <!-- testHomeSquareSignIn -->
  <testcase name="@BeforeTest initialize" time="0.0" classname="com.qualitesoft.core.InitializeTest">
    <ignored/>
  </testcase> <!-- @BeforeTest initialize -->
  <testcase name="@BeforeTest initialize" time="0.0" classname="com.qualitesoft.core.InitializeTest">
    <ignored/>
  </testcase> <!-- @BeforeTest initialize -->
  <testcase name="@BeforeTest initialize" time="0.0" classname="com.qualitesoft.core.InitializeTest">
    <ignored/>
  </testcase> <!-- @BeforeTest initialize -->
  <testcase name="@BeforeTest initialize" time="0.0" classname="com.qualitesoft.core.InitializeTest">
    <ignored/>
  </testcase> <!-- @BeforeTest initialize -->
  <testcase name="@BeforeTest initialize" time="0.0" classname="com.qualitesoft.core.InitializeTest">
    <ignored/>
  </testcase> <!-- @BeforeTest initialize -->
  <testcase name="@BeforeTest initialize" time="0.0" classname="com.qualitesoft.core.InitializeTest">
    <ignored/>
  </testcase> <!-- @BeforeTest initialize -->
  <testcase name="@BeforeTest initialize" time="0.0" classname="com.qualitesoft.core.InitializeTest">
    <ignored/>
  </testcase> <!-- @BeforeTest initialize -->
  <testcase name="@AfterSuite tearDown" time="0.0" classname="com.qualitesoft.core.InitializeTest">
    <ignored/>
  </testcase> <!-- @AfterSuite tearDown -->
  <testcase name="@AfterSuite tearDown" time="0.0" classname="com.qualitesoft.core.InitializeTest">
    <ignored/>
  </testcase> <!-- @AfterSuite tearDown -->
  <testcase name="@AfterSuite tearDown" time="0.0" classname="com.qualitesoft.core.InitializeTest">
    <ignored/>
  </testcase> <!-- @AfterSuite tearDown -->
  <testcase name="@AfterSuite tearDown" time="0.0" classname="com.qualitesoft.core.InitializeTest">
    <ignored/>
  </testcase> <!-- @AfterSuite tearDown -->
  <testcase name="@AfterSuite tearDown" time="0.0" classname="com.qualitesoft.core.InitializeTest">
    <ignored/>
  </testcase> <!-- @AfterSuite tearDown -->
  <testcase name="@AfterSuite tearDown" time="0.0" classname="com.qualitesoft.core.InitializeTest">
    <ignored/>
  </testcase> <!-- @AfterSuite tearDown -->
  <testcase name="@AfterSuite tearDown" time="0.0" classname="com.qualitesoft.core.InitializeTest">
    <ignored/>
  </testcase> <!-- @AfterSuite tearDown -->
  <testcase name="testPaypal" time="0.0" classname="com.qualitesoft.homesquare.testscripts.PaymentInformation">
    <ignored/>
  </testcase> <!-- testPaypal -->
</testsuite> <!-- Checkout via Purchase Order - New User -->
