<?xml version="1.0" encoding="UTF-8"?>
<!-- Generated by org.testng.reporters.JUnitXMLReporter -->
<testsuite hostname="DESKTOP-H4389BG" ignored="0" name="Search Product" tests="5" failures="0" timestamp="08 Jul 2021 07:13:32 GMT" time="133.441" errors="0">
  <testcase name="testSearchProduct" time="29.336" classname="com.qualitesoft.homesquare.testscripts.TestHomeSquareSearchProduct"/>
  <testcase name="testSearchProduct" time="30.286" classname="com.qualitesoft.homesquare.testscripts.TestHomeSquareSearchProduct"/>
  <testcase name="testSearchProduct" time="21.685" classname="com.qualitesoft.homesquare.testscripts.TestHomeSquareSearchProduct"/>
  <testcase name="testSearchProduct" time="30.02" classname="com.qualitesoft.homesquare.testscripts.TestHomeSquareSearchProduct"/>
  <testcase name="testSearchProduct" time="20.976" classname="com.qualitesoft.homesquare.testscripts.TestHomeSquareSearchProduct"/>
</testsuite> <!-- Search Product -->
