<?xml version="1.0" encoding="UTF-8"?>
<!-- Generated by org.testng.reporters.JUnitXMLReporter -->
<testsuite hostname="DESKTOP-H4389BG" ignored="0" name="Test Add Items to Cart" tests="1" failures="1" timestamp="08 Jul 2021 07:08:31 GMT" time="49.274" errors="0">
  <testcase name="testAddItemsToCart" time="48.252" classname="com.qualitesoft.homesquare.testscripts.TestHomeSquareAddItemsToCart">
    <failure type="java.lang.AssertionError" message="expected [Free] but found [$10.00]">
      <![CDATA[java.lang.AssertionError: expected [Free] but found [$10.00]
at com.qualitesoft.homesquare.testscripts.TestHomeSquareAddItemsToCart.testAddItemsToCart(TestHomeSquareAddItemsToCart.java:50)
... Removed 31 stack frames]]>
    </failure>
  </testcase> <!-- testAddItemsToCart -->
</testsuite> <!-- Test Add Items to Cart -->
