<?xml version="1.0" encoding="UTF-8"?>
<!-- Generated by org.testng.reporters.JUnitXMLReporter -->
<testsuite hostname="DESKTOP-H4389BG" ignored="6" name="Verify that user is able to apply coupon code" tests="7" failures="0" timestamp="08 Jul 2021 06:49:32 GMT" time="234.018" errors="0">
  <testcase name="testshippinginfo" time="18.088" classname="com.qualitesoft.homesquare.testscripts.TestHomeSquareCreateNewAccount"/>
  <testcase name="testApplyCouponCode" time="80.387" classname="com.qualitesoft.homesquare.testscripts.TestApplyCouponCode"/>
  <testcase name="testSignIn" time="0.204" classname="com.qualitesoft.homesquare.testscripts.TestApplyCouponCode"/>
  <testcase name="testShippingInformation" time="46.52" classname="com.qualitesoft.homesquare.testscripts.TestApplyCouponCode"/>
  <testcase name="testCartPages" time="8.575" classname="com.qualitesoft.homesquare.testscripts.TestApplyCouponCode"/>
  <testcase name="testOrderConfirmation" time="67.494" classname="com.qualitesoft.homesquare.testscripts.TestApplyCouponCode"/>
  <testcase name="testLogOff" time="11.522" classname="com.qualitesoft.homesquare.testscripts.LogOff"/>
  <testcase name="@BeforeTest initialize" time="0.0" classname="com.qualitesoft.core.InitializeTest">
    <ignored/>
  </testcase> <!-- @BeforeTest initialize -->
  <testcase name="@BeforeTest initialize" time="0.0" classname="com.qualitesoft.core.InitializeTest">
    <ignored/>
  </testcase> <!-- @BeforeTest initialize -->
  <testcase name="@BeforeSuite setUp" time="0.0" classname="com.qualitesoft.core.InitializeTest">
    <ignored/>
  </testcase> <!-- @BeforeSuite setUp -->
  <testcase name="@BeforeSuite setUp" time="0.0" classname="com.qualitesoft.core.InitializeTest">
    <ignored/>
  </testcase> <!-- @BeforeSuite setUp -->
  <testcase name="@AfterSuite tearDown" time="0.0" classname="com.qualitesoft.core.InitializeTest">
    <ignored/>
  </testcase> <!-- @AfterSuite tearDown -->
  <testcase name="@AfterSuite tearDown" time="0.0" classname="com.qualitesoft.core.InitializeTest">
    <ignored/>
  </testcase> <!-- @AfterSuite tearDown -->
</testsuite> <!-- Verify that user is able to apply coupon code -->
